<?xml version="1.0" encoding="UTF-8"?>
<!-- Generated by org.testng.reporters.JUnitReportReporter -->
<testsuite hostname="DESKTOP-QRB56CU" name="runners.LoginFeature_TestRunner" tests="1" failures="0" timestamp="16 Jan 2023 13:58:33 GMT" time="7.421" errors="0">
  <testcase name="runScenario" time="7.421" classname="runners.LoginFeature_TestRunner"/>
</testsuite> <!-- runners.LoginFeature_TestRunner -->
