<?xml version="1.0" encoding="UTF-8"?>
<!-- Generated by org.testng.reporters.JUnitReportReporter -->
<testsuite hostname="DESKTOP-QRB56CU" name="stepDefinitions.TestBrowser" tests="1" failures="0" timestamp="3 Jun 2023 16:00:07 GMT" time="3.391" errors="0">
  <testcase name="test" time="3.391" classname="stepDefinitions.TestBrowser"/>
</testsuite> <!-- stepDefinitions.TestBrowser -->
